-------------------------------------------------------------------------------
Test set: org.altir.voting.VotingMainApplication.VotingMainApplicationTests
-------------------------------------------------------------------------------
Tests run: 1, Failures: 0, Errors: 1, Skipped: 0, Time elapsed: 0.632 s <<< FAILURE! - in org.altir.voting.VotingMainApplication.VotingMainApplicationTests
org.altir.voting.VotingMainApplication.VotingMainApplicationTests  Time elapsed: 0.631 s  <<< ERROR!
java.lang.IllegalStateException: Unable to find a @SpringBootConfiguration, you need to use @ContextConfiguration or @SpringBootTest(classes=...) with your test

